[23:19:45] [main/INFO] (FabricLoader/GameProvider) Loading Minecraft 1.20.2 with Fabric Loader 0.15.3
[23:19:45] [main/INFO] (FabricLoader) Loading 42 mods:
	- fabric-api 0.91.2+1.20.2
	- fabric-api-base 0.4.33+fce67b32a0
	- fabric-api-lookup-api-v1 1.6.42+b1792f7da0
	- fabric-biome-api-v1 13.0.14+b1792f7da0
	- fabric-block-api-v1 1.0.12+73761d2ea0
	- fabric-block-view-api-v2 1.0.1+73761d2ea0
	- fabric-command-api-v1 1.2.37+f71b366fa0
	- fabric-command-api-v2 2.2.16+b1792f7da0
	- fabric-commands-v0 0.2.54+df3654b3a0
	- fabric-containers-v0 0.1.78+df3654b3a0
	- fabric-content-registries-v0 5.0.5+b1792f7da0
	- fabric-convention-tags-v1 1.5.8+b1792f7da0
	- fabric-crash-report-info-v1 0.2.20+f4b7e424a0
	- fabric-data-generation-api-v1 13.1.8+b1792f7da0
	- fabric-dimensions-v1 2.1.57+b1792f7da0
	- fabric-entity-events-v1 1.5.26+b1792f7da0
	- fabric-events-interaction-v0 0.6.10+b1792f7da0
	- fabric-events-lifecycle-v0 0.2.69+df3654b3a0
	- fabric-game-rule-api-v1 1.0.42+a44e16a6a0
	- fabric-gametest-api-v1 1.2.16+b1792f7da0
	- fabric-item-api-v1 2.1.33+b1792f7da0
	- fabric-item-group-api-v1 4.0.15+e3d2bf3fa0
	- fabric-lifecycle-events-v1 2.2.27+b1792f7da0
	- fabric-loot-api-v2 2.1.1+3ba460fba0
	- fabric-message-api-v1 6.0.2+e3d2bf3fa0
	- fabric-mining-level-api-v1 2.1.55+f4b7e424a0
	- fabric-networking-api-v1 3.1.2+95a8ac51a0
	- fabric-object-builder-api-v1 12.1.2+2ff98d3ba0
	- fabric-particles-v1 1.1.4+f4b7e424a0
	- fabric-recipe-api-v1 2.0.11+52b3ebe5a0
	- fabric-registry-sync-v0 4.0.9+b1792f7da0
	- fabric-rendering-data-attachment-v1 0.3.39+73761d2ea0
	- fabric-rendering-fluids-v1 3.0.30+f4b7e424a0
	- fabric-resource-conditions-api-v1 2.3.11+239dafd8a0
	- fabric-resource-loader-v0 0.11.12+b1792f7da0
	- fabric-screen-handler-api-v1 1.3.44+b1792f7da0
	- fabric-transfer-api-v1 3.3.12+4944b5a5a0
	- fabric-transitive-access-wideners-v1 5.0.3+fce67b32a0
	- fabricloader 0.15.3
	- java 17
	- karnslib 0.1
	- minecraft 1.20.2
[23:19:46] [main/INFO] (FabricLoader/Mixin) SpongePowered MIXIN Subsystem Version=0.8.5 Source=file:/C:/Users/Admin/.gradle/caches/modules-2/files-2.1/net.fabricmc/sponge-mixin/0.12.5+mixin.0.8.5/8d31fb97c3e0cd7c8dad3441851c523bcfae6d8e/sponge-mixin-0.12.5+mixin.0.8.5.jar Service=Knot/Fabric Env=SERVER
[23:19:46] [main/INFO] (FabricLoader/Mixin) Loaded Fabric development mappings for mixin remapper!
[23:19:46] [main/INFO] (FabricLoader/Mixin) Compatibility level set to JAVA_17
[23:20:02] [main/INFO] (Minecraft) [STDOUT]: Mod Online!
[23:20:02] [main/INFO] (fabric-networking-api-v1) Force Packet Serialization is enabled to mimic remote connection on single player, this is the default behaviour on dev env. Add -Dfabric-api.networking.force-packet-serialization=false JVM arg to disable it.
[23:20:03] [main/INFO] (Minecraft) Environment: Environment[accountsHost=https://api.mojang.com, sessionHost=https://sessionserver.mojang.com, servicesHost=https://api.minecraftservices.com, name=PROD]
[23:20:06] [main/INFO] (Minecraft) Loaded 7 recipes
[23:20:06] [main/INFO] (Minecraft) Loaded 1271 advancements
[23:20:07] [main/INFO] (BiomeModificationImpl) Applied 0 biome modifications to 0 of 64 new biomes in 3.644 ms
[23:20:07] [Server thread/INFO] (Minecraft) Starting minecraft server version 1.20.2
[23:20:07] [Server thread/INFO] (Minecraft) Loading properties
[23:20:07] [Server thread/INFO] (Minecraft) Default game type: SURVIVAL
[23:20:07] [Server thread/INFO] (Minecraft) Generating keypair
[23:20:07] [Server thread/INFO] (Minecraft) Starting Minecraft server on *:25565
[23:20:07] [Server thread/INFO] (Minecraft) Using default channel type
[23:20:08] [Server thread/INFO] (Minecraft) Preparing level "world"
[23:20:09] [Server thread/INFO] (Minecraft) Preparing start region for dimension minecraft:overworld
[23:20:12] [Worker-Main-9/INFO] (Minecraft) Preparing spawn area: 0%
[23:20:12] [Worker-Main-14/INFO] (Minecraft) Preparing spawn area: 0%
[23:20:12] [Worker-Main-14/INFO] (Minecraft) Preparing spawn area: 0%
[23:20:12] [Worker-Main-13/INFO] (Minecraft) Preparing spawn area: 0%
[23:20:12] [Worker-Main-9/INFO] (Minecraft) Preparing spawn area: 0%
[23:20:12] [Worker-Main-14/INFO] (Minecraft) Preparing spawn area: 0%
[23:20:12] [Worker-Main-9/INFO] (Minecraft) Preparing spawn area: 0%
[23:20:13] [Worker-Main-15/INFO] (Minecraft) Preparing spawn area: 43%
[23:20:13] [Server thread/INFO] (Minecraft) Time elapsed: 3802 ms
[23:20:13] [Server thread/INFO] (Minecraft) Done (5.341s)! For help, type "help"
[23:20:14] [User Authenticator #1/INFO] (Minecraft) UUID of player Kardane is b053b02f-33ef-487e-a7e0-88bda770e30d
[23:20:15] [Server thread/INFO] (Minecraft) Kardane[/127.0.0.1:65044] logged in with entity id 55 at (362.5908222521727, 63.0, -16.282172872064486)
[23:20:15] [Server thread/INFO] (Minecraft) Kardane joined the game
[23:20:20] [Server thread/INFO] (Minecraft) [Kardane: Set the time to 1000]
[23:20:22] [Server thread/INFO] (Minecraft) [Kardane: Gamerule doDaylightCycle is now set to: false]
[23:24:08] [Server thread/INFO] (Minecraft) [Not Secure] [Kardane] 1
[23:27:58] [Server thread/INFO] (Minecraft) Kardane lost connection: Disconnected
[23:27:58] [Server thread/INFO] (Minecraft) Kardane left the game
